C51 COMPILER V9.59.0.0   ESP8266                                                           10/14/2019 22:32:07 PAGE 1   


C51 COMPILER V9.59.0.0, COMPILATION OF MODULE ESP8266
OBJECT MODULE PLACED IN .\Objects\ESP8266.obj
COMPILER INVOKED BY: D:\C51\BIN\C51.EXE ESP8266.c COMPACT OPTIMIZE(8,SPEED) BROWSE INCDIR(.\headfile) DEBUG OBJECTEXTEND
                    - PRINT(.\Listings\ESP8266.lst) TABS(2) OBJECT(.\Objects\ESP8266.obj)

line level    source

   1          #include <STC12C5A60S2.h>
   2          #include <intrins.h>
   3          
   4          
   5          void delay1(unsigned int z)   
   6          {
   7   1      unsigned char a,b,c;
   8   1        for(c=z;c>0;c--)
   9   1         for(b=21;b>0;b--)
  10   1              for(a=130;a>0;a--);
  11   1          _nop_();  //if Keil,require use intrins.h
  12   1      }
  13          
  14          void sendChar(unsigned char a)        
  15          {
  16   1        SBUF = a;
  17   1        while(TI==0);
  18   1        TI=0; 
  19   1      }
  20          
  21          void sendString(unsigned char *s)   //uart通讯  
  22          {
  23   1        while(*s!='\0')
  24   1        {
  25   2          sendChar(*s);
  26   2          s++;
  27   2        }
  28   1          
  29   1      }
  30          void ESPinit()
  31          { 
  32   1        delay1(1000);
  33   1        sendString("AT+CWMODE=3\r\n");    
  34   1        delay1(1000);           
  35   1        sendString("AT+RST\r\n");     
  36   1        delay1(1000);
  37   1        sendString("AT+CIFSR\r\n");     
  38   1        delay1(1000);
  39   1        sendString("AT+CWJAP=\"TP-LINK_506\",\"5065688523\"\r\n");//连接5楼自习室WiFi
  40   1        delay1(15000);
  41   1        delay1(15000);
  42   1        delay1(15000);
  43   1        delay1(15000);
  44   1        delay1(15000);
  45   1      }


MODULE INFORMATION:   STATIC OVERLAYABLE
   CODE SIZE        =    154    ----
   CONSTANT SIZE    =     72    ----
   XDATA SIZE       =   ----    ----
   PDATA SIZE       =   ----    ----
   DATA SIZE        =   ----    ----
   IDATA SIZE       =   ----    ----
C51 COMPILER V9.59.0.0   ESP8266                                                           10/14/2019 22:32:07 PAGE 2   

   BIT SIZE         =   ----    ----
END OF MODULE INFORMATION.


C51 COMPILATION COMPLETE.  0 WARNING(S),  0 ERROR(S)
