C51 COMPILER V9.59.0.0   LCD                                                               10/14/2019 22:32:06 PAGE 1   


C51 COMPILER V9.59.0.0, COMPILATION OF MODULE LCD
OBJECT MODULE PLACED IN .\Objects\lcd.obj
COMPILER INVOKED BY: D:\C51\BIN\C51.EXE lcd.c COMPACT OPTIMIZE(8,SPEED) BROWSE INCDIR(.\headfile) DEBUG OBJECTEXTEND PRI
                    -NT(.\Listings\lcd.lst) TABS(2) OBJECT(.\Objects\lcd.obj)

line level    source

   1          
   2          #include <intrins.h>
   3          #include "lcd.h"
   4          /*******************************************************************************
   5          * 函 数 名         : Lcd1602_Delay1ms
   6          * 函数功能       : 延时函数，延时1ms
   7          * 输    入         : c
   8          * 输    出         : 无
   9          * 说    名         : 该函数是在11.0592MHZ晶振下
  10          *******************************************************************************/
  11          
  12          void Lcd1602_Delay1ms(unsigned char c)   
  13          {
  14   1        unsigned char t;
  15   1        while(c--)
  16   1        {
  17   2          for (t=0;t<120;t++);
  18   2        }
  19   1            
  20   1      }
  21          
  22          /*******************************************************************************
  23          * 函 数 名         : LcdWriteCom
  24          * 函数功能       : 向LCD写入一个字节的命令
  25          * 输    入         : com
  26          * 输    出         : 无
  27          *******************************************************************************/
  28          void LcdWriteCom(unsigned char com)   //写入命令
  29          {
  30   1        LCD1602_E = 0;     //使能
  31   1        LCD1602_RS = 0;    //选择发送命令
  32   1        LCD1602_RW = 0;    //选择写入
  33   1        
  34   1        LCD1602_DATAPINS = com;     //放入命令
  35   1        Lcd1602_Delay1ms(1);    //等待数据稳定
  36   1      
  37   1        LCD1602_E = 1;            //写入时序
  38   1        Lcd1602_Delay1ms(5);    //保持时间
  39   1        LCD1602_E = 0;
  40   1      }
  41          
  42          /*******************************************************************************
  43          * 函 数 名         : LcdWriteData
  44          * 函数功能       : 向LCD写入一个字节的数据
  45          * 输    入         : dat
  46          * 输    出         : 无
  47          *******************************************************************************/        
  48          void LcdWriteData(unsigned char dat)      //写入数据
  49          {
  50   1        LCD1602_E = 0;  //使能清零
  51   1        LCD1602_RS = 1; //选择输入数据
  52   1        LCD1602_RW = 0; //选择写入
  53   1      
  54   1        LCD1602_DATAPINS = dat; //写入数据
C51 COMPILER V9.59.0.0   LCD                                                               10/14/2019 22:32:06 PAGE 2   

  55   1        Lcd1602_Delay1ms(1);
  56   1      
  57   1        LCD1602_E = 1;   //写入时序
  58   1        Lcd1602_Delay1ms(5);   //保持时间
  59   1        LCD1602_E = 0;
  60   1      }
  61          
  62          /*******************************************************************************
  63          * 函 数 名       : LcdInit()
  64          * 函数功能     : 初始化LCD屏
  65          * 输    入       : 无
  66          * 输    出       : 无
  67          *******************************************************************************/       
  68          void LcdInit()              //LCD初始化子程序
  69          {
  70   1        LcdWriteCom(0x38);  //开显示
  71   1        LcdWriteCom(0x0c);  //开显示不显示光标
  72   1        LcdWriteCom(0x06);  //写一个指针加1
  73   1        LcdWriteCom(0x01);  //清屏
  74   1        LcdWriteCom(0x80);  //设置数据指针起点
  75   1      }
  76          
  77          void LcdSetCursor(unsigned char x , unsigned char y)
  78          {
  79   1        unsigned char addr;
  80   1        if (y==0)
  81   1          addr=0x00+x;
  82   1        else
  83   1          addr=0x40+x;
  84   1        LcdWriteCom(addr|0x80);
  85   1      }
  86          
  87          void LcdShowStr(unsigned char x,unsigned char y ,unsigned char *str)
  88          {
  89   1        LcdSetCursor(x,y);
  90   1        while(*str!='\0')
  91   1        {
  92   2          LcdWriteData(*str++);
  93   2        }
  94   1      }
  95          
  96          void LCD1602_DisplayOneCharOnAddr(unsigned char x,unsigned char y,unsigned char ucData)
  97          {
  98   1        LcdSetCursor(x,y);   //光标位置
  99   1        LcdWriteData(ucData);   //写入数据
 100   1      }
 101          void delay(unsigned int n)
 102          {
 103   1        unsigned int i,j;
 104   1        for(i=0;i<n;i++)
 105   1          for(j=0;j<100;j++);
 106   1      }


MODULE INFORMATION:   STATIC OVERLAYABLE
   CODE SIZE        =    193    ----
   CONSTANT SIZE    =   ----    ----
   XDATA SIZE       =   ----    ----
   PDATA SIZE       =   ----       3
   DATA SIZE        =   ----    ----
   IDATA SIZE       =   ----    ----
   BIT SIZE         =   ----    ----
C51 COMPILER V9.59.0.0   LCD                                                               10/14/2019 22:32:06 PAGE 3   

END OF MODULE INFORMATION.


C51 COMPILATION COMPLETE.  0 WARNING(S),  0 ERROR(S)
